<?xml version="1.0" encoding="UTF-8"?>
<!-- Generated by org.testng.reporters.JUnitReportReporter -->
<testsuite hostname="DESKTOP-6CV4G98" failures="0" tests="2" name="tests.LoginTest" time="3.313" errors="0" timestamp="2022-08-04T08:07:28 IST" skipped="0">
  <testcase classname="tests.LoginTest" name="verifybuttontext" time="0.062"/>
  <system-out/>
  <testcase classname="tests.LoginTest" name="login" time="3.251"/>
  <system-out/>
</testsuite> <!-- tests.LoginTest -->
